<?xml version="1.0" encoding="UTF-8"?>
<!-- Generated by org.testng.reporters.JUnitXMLReporter -->
<testsuite ignored="2" hostname="DESKTOP-MU2BVTN" failures="0" tests="3" name="SmokeTests" time="0.114" errors="0" timestamp="2025-06-24T23:06:19 IST">
  <testcase classname="day8.GroupingExample" name="launchBrowser" time="0.011"/>
  <testcase classname="day8.GroupingExample" name="method1" time="0.001"/>
  <testcase classname="day8.GroupingExample" name="startclass" time="0.002"/>
  <testcase classname="day8.GroupingExample" name="closeBrowser" time="0.0">
    <ignored/>
  </testcase> <!-- closeBrowser -->
  <testcase classname="day8.GroupingExample" name="endclass" time="0.0">
    <ignored/>
  </testcase> <!-- endclass -->
</testsuite> <!-- SmokeTests -->
