<?xml version="1.0" encoding="UTF-8"?>
<testng-results ignored="0" total="2" passed="2" failed="0" skipped="0">
  <reporter-output>
  </reporter-output>
  <suite started-at="2025-06-24T23:12:56 IST" name="Default suite" finished-at="2025-06-24T23:12:56 IST" duration-ms="76">
    <groups>
    </groups>
    <test started-at="2025-06-24T23:12:56 IST" name="Default test" finished-at="2025-06-24T23:12:56 IST" duration-ms="76">
      <class name="day8.LifecycleExample">
        <test-method is-config="true" signature="startclass()[pri:0, instance:day8.LifecycleExample@1caa0244]" started-at="2025-06-24T23:12:56 IST" name="startclass" finished-at="2025-06-24T23:12:56 IST" duration-ms="15" status="PASS">
          <reporter-output>
          </reporter-output>
        </test-method> <!-- startclass -->
        <test-method is-config="true" signature="launchBrowser()[pri:0, instance:day8.LifecycleExample@1caa0244]" started-at="2025-06-24T23:12:56 IST" name="launchBrowser" finished-at="2025-06-24T23:12:56 IST" duration-ms="0" status="PASS">
          <reporter-output>
          </reporter-output>
        </test-method> <!-- launchBrowser -->
        <test-method signature="method1()[pri:0, instance:day8.LifecycleExample@1caa0244]" started-at="2025-06-24T23:12:56 IST" name="method1" finished-at="2025-06-24T23:12:56 IST" duration-ms="8" status="PASS">
          <reporter-output>
          </reporter-output>
        </test-method> <!-- method1 -->
        <test-method is-config="true" signature="closeBrowser()[pri:0, instance:day8.LifecycleExample@1caa0244]" started-at="2025-06-24T23:12:56 IST" name="closeBrowser" finished-at="2025-06-24T23:12:56 IST" duration-ms="1" status="PASS">
          <reporter-output>
          </reporter-output>
        </test-method> <!-- closeBrowser -->
        <test-method signature="method2()[pri:0, instance:day8.LifecycleExample@1caa0244]" started-at="2025-06-24T23:12:56 IST" name="method2" finished-at="2025-06-24T23:12:56 IST" duration-ms="1" status="PASS">
          <reporter-output>
          </reporter-output>
        </test-method> <!-- method2 -->
        <test-method is-config="true" signature="launchBrowser()[pri:0, instance:day8.LifecycleExample@1caa0244]" started-at="2025-06-24T23:12:56 IST" name="launchBrowser" finished-at="2025-06-24T23:12:56 IST" duration-ms="0" status="PASS">
          <reporter-output>
          </reporter-output>
        </test-method> <!-- launchBrowser -->
        <test-method is-config="true" signature="closeBrowser()[pri:0, instance:day8.LifecycleExample@1caa0244]" started-at="2025-06-24T23:12:56 IST" name="closeBrowser" finished-at="2025-06-24T23:12:56 IST" duration-ms="0" status="PASS">
          <reporter-output>
          </reporter-output>
        </test-method> <!-- closeBrowser -->
        <test-method is-config="true" signature="endclass()[pri:0, instance:day8.LifecycleExample@1caa0244]" started-at="2025-06-24T23:12:56 IST" name="endclass" finished-at="2025-06-24T23:12:56 IST" duration-ms="0" status="PASS">
          <reporter-output>
          </reporter-output>
        </test-method> <!-- endclass -->
      </class> <!-- day8.LifecycleExample -->
    </test> <!-- Default test -->
  </suite> <!-- Default suite -->
</testng-results>
